Using pre-set license
Built from '2022.3/release' branch; Version is '2022.3.18f1 (d29bea25151d) revision 13802474'; Using compiler version '192829333'; Build Type 'Release'
OS: 'Windows 11  (10.0.22631) 64bit CoreSingleLanguage' Language: 'es' Physical Memory: 15628 MB
BatchMode: 1, IsHumanControllingUs: 0, StartBugReporterOnCrash: 0, Is64bit: 1, IsPro: 1

COMMAND LINE ARGUMENTS:
C:\Program Files\Unity\Hub\Editor\2022.3.18f1\Editor\Unity.exe
-adb2
-batchMode
-noUpm
-name
AssetImportWorker0
-projectPath
C:/Users/flore/OneDrive/Documentos/GitHub/Homework-/My project
-logFile
Logs/AssetImportWorker0.log
-srvPort
53551
Successfully changed project path to: C:/Users/flore/OneDrive/Documentos/GitHub/Homework-/My project
C:/Users/flore/OneDrive/Documentos/GitHub/Homework-/My project
[UnityMemory] Configuration Parameters - Can be set up in boot.config
    "memorysetup-bucket-allocator-granularity=16"
    "memorysetup-bucket-allocator-bucket-count=8"
    "memorysetup-bucket-allocator-block-size=33554432"
    "memorysetup-bucket-allocator-block-count=8"
    "memorysetup-main-allocator-block-size=16777216"
    "memorysetup-thread-allocator-block-size=16777216"
    "memorysetup-gfx-main-allocator-block-size=16777216"
    "memorysetup-gfx-thread-allocator-block-size=16777216"
    "memorysetup-cache-allocator-block-size=4194304"
    "memorysetup-typetree-allocator-block-size=2097152"
    "memorysetup-profiler-bucket-allocator-granularity=16"
    "memorysetup-profiler-bucket-allocator-bucket-count=8"
    "memorysetup-profiler-bucket-allocator-block-size=33554432"
    "memorysetup-profiler-bucket-allocator-block-count=8"
    "memorysetup-profiler-allocator-block-size=16777216"
    "memorysetup-profiler-editor-allocator-block-size=1048576"
    "memorysetup-temp-allocator-size-main=16777216"
    "memorysetup-job-temp-allocator-block-size=2097152"
    "memorysetup-job-temp-allocator-block-size-background=1048576"
    "memorysetup-job-temp-allocator-reduction-small-platforms=262144"
    "memorysetup-allocator-temp-initial-block-size-main=262144"
    "memorysetup-allocator-temp-initial-block-size-worker=262144"
    "memorysetup-temp-allocator-size-background-worker=32768"
    "memorysetup-temp-allocator-size-job-worker=262144"
    "memorysetup-temp-allocator-size-preload-manager=33554432"
    "memorysetup-temp-allocator-size-nav-mesh-worker=65536"
    "memorysetup-temp-allocator-size-audio-worker=65536"
    "memorysetup-temp-allocator-size-cloud-worker=32768"
    "memorysetup-temp-allocator-size-gi-baking-worker=262144"
    "memorysetup-temp-allocator-size-gfx=262144"
Player connection [22204] Host "[IP] 172.16.38.137 [Port] 0 [Flags] 2 [Guid] 2309960878 [EditorId] 2309960878 [Version] 1048832 [Id] WindowsEditor(7,ROG-Strix-G15) [Debug] 1 [PackageName] WindowsEditor [ProjectName] Editor" joined multi-casting on [225.0.0.222:54997]...

Player connection [22204] Host "[IP] 172.16.38.137 [Port] 0 [Flags] 2 [Guid] 2309960878 [EditorId] 2309960878 [Version] 1048832 [Id] WindowsEditor(7,ROG-Strix-G15) [Debug] 1 [PackageName] WindowsEditor [ProjectName] Editor" joined alternative multi-casting on [225.0.0.222:34997]...

[Physics::Module] Initialized MultithreadedJobDispatcher with 15 workers.
Refreshing native plugins compatible for Editor in 10.02 ms, found 3 plugins.
Preloading 0 native plugins for Editor in 0.00 ms.
Initialize engine version: 2022.3.18f1 (d29bea25151d)
[Subsystems] Discovering subsystems at path C:/Program Files/Unity/Hub/Editor/2022.3.18f1/Editor/Data/Resources/UnitySubsystems
[Subsystems] Discovering subsystems at path C:/Users/flore/OneDrive/Documentos/GitHub/Homework-/My project/Assets
GfxDevice: creating device client; threaded=0; jobified=0
Direct3D:
    Version:  Direct3D 11.0 [level 11.1]
    Renderer: NVIDIA GeForce RTX 3050 Laptop GPU (ID=0x25a2)
    Vendor:   NVIDIA
    VRAM:     3964 MB
    Driver:   31.0.15.5161
Initialize mono
Mono path[0] = 'C:/Program Files/Unity/Hub/Editor/2022.3.18f1/Editor/Data/Managed'
Mono path[1] = 'C:/Program Files/Unity/Hub/Editor/2022.3.18f1/Editor/Data/MonoBleedingEdge/lib/mono/unityjit-win32'
Mono config path = 'C:/Program Files/Unity/Hub/Editor/2022.3.18f1/Editor/Data/MonoBleedingEdge/etc'
Using monoOptions --debugger-agent=transport=dt_socket,embedding=1,server=y,suspend=n,address=127.0.0.1:56204
Begin MonoManager ReloadAssembly
Registering precompiled unity dll's ...
Register platform support module: C:/Program Files/Unity/Hub/Editor/2022.3.18f1/Editor/Data/PlaybackEngines/AndroidPlayer/UnityEditor.Android.Extensions.dll
Register platform support module: C:/Program Files/Unity/Hub/Editor/2022.3.18f1/Editor/Data/PlaybackEngines/WindowsStandaloneSupport/UnityEditor.WindowsStandalone.Extensions.dll
Register platform support module: C:/Program Files/Unity/Hub/Editor/2022.3.18f1/Editor/Data/PlaybackEngines/MetroSupport/UnityEditor.UWP.Extensions.dll
Registered in 0.012329 seconds.
- Loaded All Assemblies, in  0.329 seconds
Native extension for UWP target not found
Native extension for WindowsStandalone target not found
Native extension for Android target not found
Android Extension - Scanning For ADB Devices 238 ms
Mono: successfully reloaded assembly
- Finished resetting the current domain, in  0.525 seconds
Domain Reload Profiling: 853ms
	BeginReloadAssembly (96ms)
		ExecutionOrderSort (0ms)
		DisableScriptedObjects (0ms)
		BackupInstance (0ms)
		ReleaseScriptingObjects (0ms)
		CreateAndSetChildDomain (1ms)
	RebuildCommonClasses (35ms)
	RebuildNativeTypeToScriptingClass (9ms)
	initialDomainReloadingComplete (58ms)
	LoadAllAssembliesAndSetupDomain (130ms)
		LoadAssemblies (95ms)
		RebuildTransferFunctionScriptingTraits (0ms)
		AnalyzeDomain (128ms)
			TypeCache.Refresh (126ms)
				TypeCache.ScanAssembly (111ms)
			ScanForSourceGeneratedMonoScriptInfo (0ms)
			ResolveRequiredComponents (1ms)
	FinalizeReload (526ms)
		ReleaseScriptCaches (0ms)
		RebuildScriptCaches (0ms)
		SetupLoadedEditorAssemblies (471ms)
			LogAssemblyErrors (0ms)
			InitializePlatformSupportModulesInManaged (327ms)
			SetLoadedEditorAssemblies (3ms)
			RefreshPlugins (0ms)
			BeforeProcessingInitializeOnLoad (2ms)
			ProcessInitializeOnLoadAttributes (99ms)
			ProcessInitializeOnLoadMethodAttributes (40ms)
			AfterProcessingInitializeOnLoad (0ms)
			EditorAssembliesLoaded (0ms)
		ExecutionOrderSort2 (0ms)
		AwakeInstancesAfterBackupRestoration (0ms)
========================================================================
Worker process is ready to serve import requests
Begin MonoManager ReloadAssembly
- Loaded All Assemblies, in  0.606 seconds
Refreshing native plugins compatible for Editor in 3.65 ms, found 3 plugins.
Native extension for UWP target not found
Native extension for WindowsStandalone target not found
Native extension for Android target not found
Package Manager log level set to [2]
[Package Manager] Server::EnsureServerProcessIsRunning -- launch failed, reason: Unity was launched with the -noUpm command-line argument
[Package Manager] UpmClient::Send -- Unable to send message (not connected to UPM process).
[Package Manager] Cannot connect to Unity Package Manager local server
Mono: successfully reloaded assembly
- Finished resetting the current domain, in  0.523 seconds
Domain Reload Profiling: 1126ms
	BeginReloadAssembly (134ms)
		ExecutionOrderSort (0ms)
		DisableScriptedObjects (4ms)
		BackupInstance (0ms)
		ReleaseScriptingObjects (0ms)
		CreateAndSetChildDomain (22ms)
	RebuildCommonClasses (43ms)
	RebuildNativeTypeToScriptingClass (14ms)
	initialDomainReloadingComplete (54ms)
	LoadAllAssembliesAndSetupDomain (357ms)
		LoadAssemblies (278ms)
		RebuildTransferFunctionScriptingTraits (0ms)
		AnalyzeDomain (158ms)
			TypeCache.Refresh (140ms)
				TypeCache.ScanAssembly (124ms)
			ScanForSourceGeneratedMonoScriptInfo (13ms)
			ResolveRequiredComponents (4ms)
	FinalizeReload (524ms)
		ReleaseScriptCaches (0ms)
		RebuildScriptCaches (0ms)
		SetupLoadedEditorAssemblies (383ms)
			LogAssemblyErrors (0ms)
			InitializePlatformSupportModulesInManaged (23ms)
			SetLoadedEditorAssemblies (4ms)
			RefreshPlugins (0ms)
			BeforeProcessingInitializeOnLoad (59ms)
			ProcessInitializeOnLoadAttributes (272ms)
			ProcessInitializeOnLoadMethodAttributes (18ms)
			AfterProcessingInitializeOnLoad (6ms)
			EditorAssembliesLoaded (0ms)
		ExecutionOrderSort2 (0ms)
		AwakeInstancesAfterBackupRestoration (6ms)
Launched and connected shader compiler UnityShaderCompiler.exe after 0.06 seconds
Refreshing native plugins compatible for Editor in 4.77 ms, found 3 plugins.
Preloading 0 native plugins for Editor in 0.00 ms.
Unloading 3138 Unused Serialized files (Serialized files now loaded: 0)
Unloading 32 unused Assets / (57.3 KB). Loaded Objects now: 3602.
Memory consumption went from 129.1 MB to 129.0 MB.
Total: 3.417300 ms (FindLiveObjects: 0.218300 ms CreateObjectMapping: 0.110400 ms MarkObjects: 2.950100 ms  DeleteObjects: 0.136800 ms)

AssetImportParameters requested are different than current active one (requested -> active):
  custom:container-demuxer-ogg: 62fdf1f143b41e24485cea50d1cbac27 -> 
  custom:video-codec-MediaFoundation-h265: 746d11721c4dcdbdad8f713fa42b33f4 -> 
  custom:video-decoder-ogg-theora: a1e56fd34408186e4bbccfd4996cb3dc -> 
  custom:framework-win-MediaFoundation: 216162199b28c13a410421893ffa2e32 -> 
  custom:CustomObjectIndexerAttribute: 6d391050e5a25f67b0a2c618074f2cd9 -> 
  custom:container-demuxer-webm: 4f35f7cbe854078d1ac9338744f61a02 -> 
  custom:container-muxer-webm: aa71ff27fc2769a1b78a27578f13a17b -> 
  custom:video-decoder-webm-vp8: 9c59270c3fd7afecdb556c50c9e8de78 -> 
  custom:SearchIndexIgnoredProperties: e643bd26f0fe6173181afceb89e7c659 -> 
  custom:AudioImporter_EditorPlatform: d09bf68614088b80899f8185d706f6e7 -> 
  custom:video-encoder-webm-vp8: eb34c28f22e8b96e1ab97ce403110664 -> 
  custom:audio-decoder-ogg-vorbis: bf7c407c2cedff20999df2af8eb42d56 -> 
  custom:audio-encoder-webm-vorbis: bf7c407c2cedff20999df2af8eb42d56 -> 
========================================================================
Received Import Request.
  Time since last request: 781679.592241 seconds.
  path: Assets/Materials/Wood.sbsar
  artifactKey: Guid(ad18ff0891c548946849bb78f723875f) Importer(815301076,1909f56bfc062723c751e8b465ee728b)
Start importing Assets/Materials/Wood.sbsar using Guid(ad18ff0891c548946849bb78f723875f) Importer(815301076,1909f56bfc062723c751e8b465ee728b)  -> (artifact id: 'e586339a555286be671a3c310a543081') in 0.014773 seconds
Number of updated asset objects reloaded before import = 0
Number of asset objects unloaded after import = 1
========================================================================
Received Import Request.
  Time since last request: 813.551771 seconds.
  path: Assets/Materials/Player 2.mat
  artifactKey: Guid(3f99a9b8a1b631e47a3eca648aff273f) Importer(815301076,1909f56bfc062723c751e8b465ee728b)
Start importing Assets/Materials/Player 2.mat using Guid(3f99a9b8a1b631e47a3eca648aff273f) Importer(815301076,1909f56bfc062723c751e8b465ee728b)  -> (artifact id: '2f0a19237d60e309fe158291c51c0968') in 0.097730 seconds
Number of updated asset objects reloaded before import = 0
Number of asset objects unloaded after import = 1
========================================================================
Received Import Request.
  Time since last request: 270.723604 seconds.
  path: Assets/Materials/herringbone_pavement_nor_dx_1k.exr
  artifactKey: Guid(39407015d40ec5442a6c4efbf00e0256) Importer(815301076,1909f56bfc062723c751e8b465ee728b)
Start importing Assets/Materials/herringbone_pavement_nor_dx_1k.exr using Guid(39407015d40ec5442a6c4efbf00e0256) Importer(815301076,1909f56bfc062723c751e8b465ee728b)  -> (artifact id: 'cfad852124c2156f9179641000b9c8ab') in 0.027016 seconds
Number of updated asset objects reloaded before import = 0
Number of asset objects unloaded after import = 2
========================================================================
Received Import Request.
  Time since last request: 3.799254 seconds.
  path: Assets/Materials/herringbone_pavement_nor_gl_1k.exr
  artifactKey: Guid(c90c169eb24f0c649a3583f858535109) Importer(815301076,1909f56bfc062723c751e8b465ee728b)
Start importing Assets/Materials/herringbone_pavement_nor_gl_1k.exr using Guid(c90c169eb24f0c649a3583f858535109) Importer(815301076,1909f56bfc062723c751e8b465ee728b)  -> (artifact id: '8a3a46f61b9917b5c9a173e225a4f7b0') in 0.020650 seconds
Number of updated asset objects reloaded before import = 0
Number of asset objects unloaded after import = 2
========================================================================
Received Import Request.
  Time since last request: 2.357113 seconds.
  path: Assets/Materials/herringbone_pavement_rough_1k.exr
  artifactKey: Guid(160abd178f67a264299c254a7353a683) Importer(815301076,1909f56bfc062723c751e8b465ee728b)
Start importing Assets/Materials/herringbone_pavement_rough_1k.exr using Guid(160abd178f67a264299c254a7353a683) Importer(815301076,1909f56bfc062723c751e8b465ee728b)  -> (artifact id: '3dd8df9b41dc6d0e03c01f695adaeae2') in 0.015347 seconds
Number of updated asset objects reloaded before import = 0
Number of asset objects unloaded after import = 2
========================================================================
Received Import Request.
  Time since last request: 14.276990 seconds.
  path: Assets/Materials/herringbone_pavement.bin
  artifactKey: Guid(97926a4b2c7f7ac48a189a6607ccf5ef) Importer(815301076,1909f56bfc062723c751e8b465ee728b)
Start importing Assets/Materials/herringbone_pavement.bin using Guid(97926a4b2c7f7ac48a189a6607ccf5ef) Importer(815301076,1909f56bfc062723c751e8b465ee728b)  -> (artifact id: '507ed1e32d301b6609b626cb48d1f19c') in 0.001132 seconds
Number of updated asset objects reloaded before import = 0
Number of asset objects unloaded after import = 1
========================================================================
Received Import Request.
  Time since last request: 3.685745 seconds.
  path: Assets/Materials/herringbone_pavement_1k.blend
  artifactKey: Guid(d87bf527dada14d4db58598127280d6c) Importer(815301076,1909f56bfc062723c751e8b465ee728b)
Start importing Assets/Materials/herringbone_pavement_1k.blend using Guid(d87bf527dada14d4db58598127280d6c) Importer(815301076,1909f56bfc062723c751e8b465ee728b)  -> (artifact id: 'b17e35b97d70ed99288ba4b4a37ff932') in 0.001406 seconds
Number of updated asset objects reloaded before import = 0
Number of asset objects unloaded after import = 1
========================================================================
Received Import Request.
  Time since last request: 2.201134 seconds.
  path: Assets/Materials/herringbone_pavement_1k.gltf
  artifactKey: Guid(6db8646aaa6bfc649a228604ce577a93) Importer(815301076,1909f56bfc062723c751e8b465ee728b)
Start importing Assets/Materials/herringbone_pavement_1k.gltf using Guid(6db8646aaa6bfc649a228604ce577a93) Importer(815301076,1909f56bfc062723c751e8b465ee728b)  -> (artifact id: 'd32ca05890b4bb1289b0b4fb89078011') in 0.000839 seconds
Number of updated asset objects reloaded before import = 0
Number of asset objects unloaded after import = 1
========================================================================
Received Import Request.
  Time since last request: 38.554007 seconds.
  path: Assets/Materials/Materials
  artifactKey: Guid(eb1806ff63ece1b4caa055e7f7c685db) Importer(815301076,1909f56bfc062723c751e8b465ee728b)
Start importing Assets/Materials/Materials using Guid(eb1806ff63ece1b4caa055e7f7c685db) Importer(815301076,1909f56bfc062723c751e8b465ee728b)  -> (artifact id: '5ed949707c14d51b9f41127b7415b193') in 0.000579 seconds
Number of updated asset objects reloaded before import = 0
Number of asset objects unloaded after import = 0
========================================================================
Received Import Request.
  Time since last request: 0.048940 seconds.
  path: Assets/Materials/Materials/herringbone_pavement_rough_1k.mat
  artifactKey: Guid(bfbf670b0752cc34ea4c3de4dece977f) Importer(815301076,1909f56bfc062723c751e8b465ee728b)
Start importing Assets/Materials/Materials/herringbone_pavement_rough_1k.mat using Guid(bfbf670b0752cc34ea4c3de4dece977f) Importer(815301076,1909f56bfc062723c751e8b465ee728b)  -> (artifact id: '9b02539bc578f22630148f0c4d80a9ac') in 0.025465 seconds
Number of updated asset objects reloaded before import = 0
Number of asset objects unloaded after import = 2
========================================================================
Received Import Request.
  Time since last request: 365.884252 seconds.
  path: Assets/Materials/brick_wall_006_ao_1k.jpg
  artifactKey: Guid(42c820100352f234aa478a4988c56ce2) Importer(815301076,1909f56bfc062723c751e8b465ee728b)
Start importing Assets/Materials/brick_wall_006_ao_1k.jpg using Guid(42c820100352f234aa478a4988c56ce2) Importer(815301076,1909f56bfc062723c751e8b465ee728b)  -> (artifact id: '01da96a15946221eb09e0ff254b2393c') in 0.020581 seconds
Number of updated asset objects reloaded before import = 0
Number of asset objects unloaded after import = 2
========================================================================
Received Import Request.
  Time since last request: 0.000029 seconds.
  path: Assets/Materials/brick_wall_006_nor_gl_1k.exr
  artifactKey: Guid(25198a55a1429b6478b333ed38dedd86) Importer(815301076,1909f56bfc062723c751e8b465ee728b)
Start importing Assets/Materials/brick_wall_006_nor_gl_1k.exr using Guid(25198a55a1429b6478b333ed38dedd86) Importer(815301076,1909f56bfc062723c751e8b465ee728b)  -> (artifact id: '5a518047a241150058fcd9a334eaea34') in 0.020429 seconds
Number of updated asset objects reloaded before import = 0
Number of asset objects unloaded after import = 2
========================================================================
Received Import Request.
  Time since last request: 0.000081 seconds.
  path: Assets/Materials/brick_wall_006_diff_1k.jpg
  artifactKey: Guid(e1dd2d7c3af2f9e4e945f6716ea6a6e8) Importer(815301076,1909f56bfc062723c751e8b465ee728b)
Start importing Assets/Materials/brick_wall_006_diff_1k.jpg using Guid(e1dd2d7c3af2f9e4e945f6716ea6a6e8) Importer(815301076,1909f56bfc062723c751e8b465ee728b)  -> (artifact id: '95bf3409c71fb7b3c17de8e346ab3c96') in 0.023373 seconds
Number of updated asset objects reloaded before import = 0
Number of asset objects unloaded after import = 2
========================================================================
Received Import Request.
  Time since last request: 0.000019 seconds.
  path: Assets/Materials/brick_wall_006_disp_1k.png
  artifactKey: Guid(069e57cb909f5ac4aac4fd8ee01b276a) Importer(815301076,1909f56bfc062723c751e8b465ee728b)
Start importing Assets/Materials/brick_wall_006_disp_1k.png using Guid(069e57cb909f5ac4aac4fd8ee01b276a) Importer(815301076,1909f56bfc062723c751e8b465ee728b)  -> (artifact id: 'bedcd5e89b12c10f48bc0c7ef9490cc2') in 0.014430 seconds
Number of updated asset objects reloaded before import = 0
Number of asset objects unloaded after import = 2
========================================================================
Received Import Request.
  Time since last request: 0.000016 seconds.
  path: Assets/Materials/brick_wall_006_rough_1k.exr
  artifactKey: Guid(d7182b5b9dbb9274e82a5ebbe7e0ebd3) Importer(815301076,1909f56bfc062723c751e8b465ee728b)
Start importing Assets/Materials/brick_wall_006_rough_1k.exr using Guid(d7182b5b9dbb9274e82a5ebbe7e0ebd3) Importer(815301076,1909f56bfc062723c751e8b465ee728b)  -> (artifact id: '7c6fd75356b881957d0045e2c19426f7') in 0.017699 seconds
Number of updated asset objects reloaded before import = 0
Number of asset objects unloaded after import = 2
========================================================================
Received Import Request.
  Time since last request: 42.313586 seconds.
  path: Assets/Materials/herringbone_pavement_arm_1k.jpg
  artifactKey: Guid(b49cbb63d2cdaa64593245683e5449d7) Importer(815301076,1909f56bfc062723c751e8b465ee728b)
Start importing Assets/Materials/herringbone_pavement_arm_1k.jpg using Guid(b49cbb63d2cdaa64593245683e5449d7) Importer(815301076,1909f56bfc062723c751e8b465ee728b)  -> (artifact id: 'a2537e197dba758818df8be147c3dbcd') in 0.020478 seconds
Number of updated asset objects reloaded before import = 0
Number of asset objects unloaded after import = 2
========================================================================
Received Import Request.
  Time since last request: 0.000016 seconds.
  path: Assets/Materials/herringbone_pavement_nor_gl_1k 1.exr
  artifactKey: Guid(3c9dff9680af7f24cb7c5393b1b1fa11) Importer(815301076,1909f56bfc062723c751e8b465ee728b)
Start importing Assets/Materials/herringbone_pavement_nor_gl_1k 1.exr using Guid(3c9dff9680af7f24cb7c5393b1b1fa11) Importer(815301076,1909f56bfc062723c751e8b465ee728b)  -> (artifact id: '514ffd630b14d59279cc6887acc653ad') in 0.015855 seconds
Number of updated asset objects reloaded before import = 0
Number of asset objects unloaded after import = 2
========================================================================
Received Import Request.
  Time since last request: 0.000030 seconds.
  path: Assets/Materials/herringbone_pavement_nor_dx_1k 1.exr
  artifactKey: Guid(648b5ca5b0ab18041a76c2eae2fc3f8f) Importer(815301076,1909f56bfc062723c751e8b465ee728b)
Start importing Assets/Materials/herringbone_pavement_nor_dx_1k 1.exr using Guid(648b5ca5b0ab18041a76c2eae2fc3f8f) Importer(815301076,1909f56bfc062723c751e8b465ee728b)  -> (artifact id: '4b24715ff015c3a2d1c063a1f1bc7242') in 0.018427 seconds
Number of updated asset objects reloaded before import = 0
Number of asset objects unloaded after import = 2
Editor requested this worker to shutdown with reason: Scaling down because of idle timeout
TcpMessagingSession - receive error: operation aborted. errorcode: 995, details: La operación de E/S se anuló por una salida de subproceso o por una solicitud de aplicación.
AssetImportWorker is now disconnected from the server
Process exiting
Exiting without the bug reporter. Application will terminate with return code 0